<?xml version="1.0" encoding="UTF-8"?>
<!-- Generated by org.testng.reporters.JUnitXMLReporter -->
<testsuite ignored="4" hostname="DESKTOP-GCMML4U" failures="0" tests="5" name="Default test" time="10.505" errors="0" timestamp="2022-09-20T00:08:48 EET">
  <testcase classname="tests.HomePageTest" name="userCanSelectShopSection" time="1.003"/>
  <testcase classname="tests.HomePageTest" name="userCanSelectProduct" time="1.462"/>
  <testcase classname="tests.ProductPageTest" name="userCanAddToCart" time="0.797"/>
  <testcase classname="tests.ProductPageTest" name="userCanViewCart" time="2.337"/>
  <testcase classname="tests.CheckoutTest" name="userCanCheckout" time="2.983"/>
  <testcase classname="tests.TestBase" name="@BeforeSuite startDriver" time="0.0">
    <ignored/>
  </testcase> <!-- @BeforeSuite startDriver -->
  <testcase classname="tests.TestBase" name="@AfterSuite stopDriver" time="0.0">
    <ignored/>
  </testcase> <!-- @AfterSuite stopDriver -->
  <testcase classname="tests.TestBase" name="@BeforeSuite startDriver" time="0.0">
    <ignored/>
  </testcase> <!-- @BeforeSuite startDriver -->
  <testcase classname="tests.TestBase" name="@AfterSuite stopDriver" time="0.0">
    <ignored/>
  </testcase> <!-- @AfterSuite stopDriver -->
</testsuite> <!-- Default test -->
